<?xml version="1.0" encoding="UTF-8"?>
<!-- Generated by org.testng.reporters.JUnitXMLReporter -->
<testsuite hostname="RSTPL018-PC.local" ignored="2" name="Default test" tests="1" failures="0" timestamp="17 Aug 2020 17:08:51 GMT" time="95.704" errors="0">
  <testcase name="Report_PrescriberHistory" time="29.835" classname="com.ys.h2hdrx.webmodule.PrescriberHistory"/>
  <testcase name="tryFailScreenshot" time="0.0" classname="com.ys.h2hdrx.webmodule.PrescriberHistory">
    <ignored/>
  </testcase> <!-- tryFailScreenshot -->
  <testcase name="tryPassScreenshot" time="0.0" classname="com.ys.h2hdrx.webmodule.PrescriberHistory">
    <ignored/>
  </testcase> <!-- tryPassScreenshot -->
</testsuite> <!-- Default test -->
