<?xml version="1.0" encoding="UTF-8"?>
<!-- Generated by org.testng.reporters.JUnitXMLReporter -->
<testsuite hostname="RSTPL018-PC.local" ignored="3" name="Default test" tests="1" failures="0" timestamp="21 Jul 2020 10:39:26 GMT" time="1.128" errors="0">
  <testcase name="@BeforeTest beforeTest" time="0.592" classname="com.ys.h2hdrx.adminmodule.Registration">
    <failure type="java.lang.NullPointerException">
      <![CDATA[java.lang.NullPointerException
at com.ys.h2hdrx.webmodule.Driver.browser(Driver.java:50)
at com.ys.h2hdrx.adminmodule.Registration.beforeTest(Registration.java:143)
at sun.reflect.NativeMethodAccessorImpl.invoke0(Native Method)
at sun.reflect.NativeMethodAccessorImpl.invoke(NativeMethodAccessorImpl.java:62)
at sun.reflect.DelegatingMethodAccessorImpl.invoke(DelegatingMethodAccessorImpl.java:43)
at java.lang.reflect.Method.invoke(Method.java:498)
at org.testng.internal.MethodInvocationHelper.invokeMethod(MethodInvocationHelper.java:124)
at org.testng.internal.MethodInvocationHelper.invokeMethodConsideringTimeout(MethodInvocationHelper.java:59)
at org.testng.internal.Invoker.invokeConfigurationMethod(Invoker.java:458)
at org.testng.internal.Invoker.invokeConfigurations(Invoker.java:222)
at org.testng.internal.Invoker.invokeConfigurations(Invoker.java:142)
at org.testng.TestRunner.beforeRun(TestRunner.java:529)
at org.testng.TestRunner.run(TestRunner.java:497)
at org.testng.SuiteRunner.runTest(SuiteRunner.java:455)
at org.testng.SuiteRunner.runSequentially(SuiteRunner.java:450)
at org.testng.SuiteRunner.privateRun(SuiteRunner.java:415)
at org.testng.SuiteRunner.run(SuiteRunner.java:364)
at org.testng.SuiteRunnerWorker.runSuite(SuiteRunnerWorker.java:52)
at org.testng.SuiteRunnerWorker.run(SuiteRunnerWorker.java:84)
at org.testng.TestNG.runSuitesSequentially(TestNG.java:1208)
at org.testng.TestNG.runSuitesLocally(TestNG.java:1137)
at org.testng.TestNG.runSuites(TestNG.java:1049)
at org.testng.TestNG.run(TestNG.java:1017)
at org.testng.remote.AbstractRemoteTestNG.run(AbstractRemoteTestNG.java:114)
at org.testng.remote.RemoteTestNG.initAndRun(RemoteTestNG.java:251)
at org.testng.remote.RemoteTestNG.main(RemoteTestNG.java:77)
]]>
    </failure>
  </testcase> <!-- @BeforeTest beforeTest -->
  <testcase name="@AfterTest afterTest" time="0.0" classname="com.ys.h2hdrx.adminmodule.Registration">
    <skipped/>
  </testcase> <!-- @AfterTest afterTest -->
  <testcase name="Registration_register" time="0.0" classname="com.ys.h2hdrx.adminmodule.Registration">
    <skipped/>
  </testcase> <!-- Registration_register -->
  <testcase name="tryPassScreenshot" time="0.0" classname="com.ys.h2hdrx.adminmodule.Registration">
    <ignored/>
  </testcase> <!-- tryPassScreenshot -->
  <testcase name="Registration_edit" time="0.0" classname="com.ys.h2hdrx.adminmodule.Registration">
    <ignored/>
  </testcase> <!-- Registration_edit -->
  <testcase name="tryFailScreenshot" time="0.0" classname="com.ys.h2hdrx.adminmodule.Registration">
    <ignored/>
  </testcase> <!-- tryFailScreenshot -->
</testsuite> <!-- Default test -->
