<?xml version="1.0" encoding="UTF-8"?>
<!-- Generated by org.testng.reporters.JUnitXMLReporter -->
<testsuite hostname="rstl006-pc" ignored="0" name="sampleexample" tests="2" failures="0" timestamp="19 Mar 2019 08:49:06 GMT" time="0.1" errors="0">
  <testcase name="@BeforeTest beforetestSSM" time="0.024" classname="test.NewTest">
    <failure type="java.io.FileNotFoundException" message="Test-Input\Login.properties (The system cannot find the path specified)">
      <![CDATA[java.io.FileNotFoundException: Test-Input\Login.properties (The system cannot find the path specified)
at java.io.FileInputStream.open(Native Method)
at java.io.FileInputStream.<init>(FileInputStream.java:138)
at java.io.FileInputStream.<init>(FileInputStream.java:93)
at test.NewTest.beforetestSSM(NewTest.java:121)
... Removed 24 stack frames]]>
    </failure>
  </testcase> <!-- @BeforeTest beforetestSSM -->
  <testcase name="@AfterMethod teardown" time="0.0" classname="test.NewTest">
    <skipped/>
  </testcase> <!-- @AfterMethod teardown -->
  <testcase name="@AfterTest quit" time="0.0" classname="test.NewTest">
    <skipped/>
  </testcase> <!-- @AfterTest quit -->
  <testcase name="f" time="0.0" classname="test.NewTest">
    <skipped/>
  </testcase> <!-- f -->
  <testcase name="f" time="0.0" classname="test.Search">
    <skipped/>
  </testcase> <!-- f -->
</testsuite> <!-- sampleexample -->
