<?xml version="1.0" encoding="UTF-8"?>
<!-- Generated by org.testng.reporters.JUnitXMLReporter -->
<testsuite hostname="rstl006-pc" ignored="2" name="user" tests="2" failures="0" timestamp="15 Mar 2019 08:13:20 GMT" time="176.46" errors="0">
  <testcase name="Confirmprescription" time="81.047" classname="com.ys.h2hdrx.webmodule.Rxpad"/>
  <testcase name="sendtopharmacy" time="15.898" classname="com.ys.h2hdrx.webmodule.Rxpad"/>
  <testcase name="tryPassScreenshot" time="0.0" classname="com.ys.h2hdrx.webmodule.Rxpad">
    <ignored/>
  </testcase> <!-- tryPassScreenshot -->
  <testcase name="tryFailScreenshot" time="0.0" classname="com.ys.h2hdrx.webmodule.Rxpad">
    <ignored/>
  </testcase> <!-- tryFailScreenshot -->
</testsuite> <!-- user -->
